<?xml version="1.0" encoding="UTF-8"?>
<!-- Generated by org.testng.reporters.JUnitReportReporter -->
<testsuite hostname="Raghu-PC" name="com.jocata.ssp.testcases.Tc_02Links" tests="1" failures="0" timestamp="8 Nov 2017 11:27:42 GMT" time="69.500" errors="0">
  <testcase name="click" time="69.500" classname="com.jocata.ssp.testcases.Tc_02Links"/>
</testsuite> <!-- com.jocata.ssp.testcases.Tc_02Links -->
