<?xml version="1.0" encoding="UTF-8"?>
<!-- Generated by org.testng.reporters.JUnitReportReporter -->
<testsuite hostname="Raghu-PC" name="com.jocata.ssp.practise.VerifyLowestFirstPriceListInProduct_deatilsPage" tests="1" failures="0" timestamp="17 Nov 2017 09:39:20 GMT" time="24.402" errors="0">
  <testcase name="verifyLowestFirstPriceListInProduct_deatilsPage" time="24.402" classname="com.jocata.ssp.practise.VerifyLowestFirstPriceListInProduct_deatilsPage"/>
</testsuite> <!-- com.jocata.ssp.practise.VerifyLowestFirstPriceListInProduct_deatilsPage -->
