<?xml version="1.0" encoding="UTF-8"?>
<!-- Generated by org.testng.reporters.JUnitReportReporter -->
<testsuite hostname="Raghu-PC" name="com.ss.start.Tc_06FAQ" tests="1" failures="0" timestamp="1 Nov 2017 12:13:14 GMT" time="22.689" errors="0">
  <testcase name="clickinglinks" time="22.689" classname="com.ss.start.Tc_06FAQ"/>
</testsuite> <!-- com.ss.start.Tc_06FAQ -->
