<?xml version="1.0" encoding="UTF-8"?>
<!-- Generated by org.testng.reporters.JUnitReportReporter -->
<testsuite hostname="Raghu-PC" name="com.jocata.testcases.Tc_03ClickAPIs" tests="1" failures="0" timestamp="1 Nov 2017 13:53:48 GMT" time="306.353" errors="0">
  <testcase name="clickingApis" time="306.353" classname="com.jocata.testcases.Tc_03ClickAPIs"/>
</testsuite> <!-- com.jocata.testcases.Tc_03ClickAPIs -->
