<?xml version="1.0" encoding="UTF-8"?>
<!-- Generated by org.testng.reporters.JUnitReportReporter -->
<testsuite hostname="Raghu-PC" name="com.ss.start.Tc_02Links" tests="1" failures="0" timestamp="1 Nov 2017 12:13:14 GMT" time="49.814" errors="0">
  <testcase name="click" time="49.814" classname="com.ss.start.Tc_02Links"/>
</testsuite> <!-- com.ss.start.Tc_02Links -->
