<?xml version="1.0" encoding="UTF-8"?>
<!-- Generated by org.testng.reporters.JUnitReportReporter -->
<testsuite hostname="Raghu-PC" name="com.jocata.ssp.practise.ZProfile" tests="1" failures="0" timestamp="13 Nov 2017 11:32:38 GMT" time="6.628" errors="0">
  <testcase name="clickinglinks" time="6.628" classname="com.jocata.ssp.practise.ZProfile"/>
</testsuite> <!-- com.jocata.ssp.practise.ZProfile -->
