<?xml version="1.0" encoding="UTF-8"?>
<!-- Generated by org.testng.reporters.JUnitReportReporter -->
<testsuite hostname="Raghu-PC" name="com.jocata.ssp.testcases.Tc_07Profile" tests="1" failures="0" timestamp="13 Nov 2017 11:22:14 GMT" time="24.594" errors="0">
  <testcase name="clickinglinks" time="24.594" classname="com.jocata.ssp.testcases.Tc_07Profile"/>
</testsuite> <!-- com.jocata.ssp.testcases.Tc_07Profile -->
