<?xml version="1.0" encoding="UTF-8"?>
<!-- Generated by org.testng.reporters.JUnitReportReporter -->
<testsuite hostname="Raghu-PC" name="com.ss.start.Tc_04FillContcatjocata" tests="1" failures="0" timestamp="1 Nov 2017 12:13:14 GMT" time="5.154" errors="0">
  <testcase name="clickingApis" time="5.154" classname="com.ss.start.Tc_04FillContcatjocata"/>
</testsuite> <!-- com.ss.start.Tc_04FillContcatjocata -->
