<?xml version="1.0" encoding="UTF-8"?>
<!-- Generated by org.testng.reporters.JUnitReportReporter -->
<testsuite hostname="Raghu-PC" name="com.jocata.testcases.Tc_02Links" tests="1" failures="0" timestamp="1 Nov 2017 13:53:48 GMT" time="93.630" errors="0">
  <testcase name="click" time="93.630" classname="com.jocata.testcases.Tc_02Links"/>
</testsuite> <!-- com.jocata.testcases.Tc_02Links -->
