<?xml version="1.0" encoding="UTF-8"?>
<!-- Generated by org.testng.reporters.JUnitReportReporter -->
<testsuite hostname="Raghu-PC" name="com.ss.Start.SS" tests="1" failures="0" timestamp="1 Nov 2017 11:08:19 GMT" time="0.844" errors="0">
  <testcase name="click" time="0.844" classname="com.ss.Start.SS"/>
</testsuite> <!-- com.ss.Start.SS -->
