<?xml version="1.0" encoding="UTF-8"?>
<!-- Generated by org.testng.reporters.JUnitReportReporter -->
<testsuite hostname="Raghu-PC" name="com.jocata.testcases.Tc_06FAQ" tests="1" failures="0" timestamp="1 Nov 2017 13:53:48 GMT" time="25.798" errors="0">
  <testcase name="clickinglinks" time="25.798" classname="com.jocata.testcases.Tc_06FAQ"/>
</testsuite> <!-- com.jocata.testcases.Tc_06FAQ -->
