<?xml version="1.0" encoding="UTF-8"?>
<!-- Generated by org.testng.reporters.JUnitReportReporter -->
<testsuite hostname="Raghu-PC" name="com.jocata.ssp.practise.HowToVerifyCommonTextInSelenium" tests="1" failures="0" timestamp="17 Nov 2017 09:29:19 GMT" time="11.501" errors="0">
  <testcase name="howToVerifyCommonTextInSelenium" time="11.501" classname="com.jocata.ssp.practise.HowToVerifyCommonTextInSelenium"/>
</testsuite> <!-- com.jocata.ssp.practise.HowToVerifyCommonTextInSelenium -->
