<?xml version="1.0" encoding="UTF-8"?>
<!-- Generated by org.testng.reporters.JUnitReportReporter -->
<testsuite hostname="Raghu-PC" name="com.jocata.ssp.practise.DeleteAllEmailsFromInobx" tests="1" failures="0" timestamp="17 Nov 2017 09:44:00 GMT" time="27.758" errors="0">
  <testcase name="deleteAllEmailsFromInobx" time="27.758" classname="com.jocata.ssp.practise.DeleteAllEmailsFromInobx"/>
</testsuite> <!-- com.jocata.ssp.practise.DeleteAllEmailsFromInobx -->
