<?xml version="1.0" encoding="UTF-8"?>
<!-- Generated by org.testng.reporters.JUnitReportReporter -->
<testsuite hostname="Raghu-PC" name="com.jocata.testcases.Tc_05FilteringAPIs" tests="1" failures="0" timestamp="1 Nov 2017 13:53:48 GMT" time="12.350" errors="0">
  <testcase name="filteringAPI" time="12.350" classname="com.jocata.testcases.Tc_05FilteringAPIs"/>
</testsuite> <!-- com.jocata.testcases.Tc_05FilteringAPIs -->
