<?xml version="1.0" encoding="UTF-8"?>
<!-- Generated by org.testng.reporters.JUnitReportReporter -->
<testsuite hostname="Raghu-PC" name="com.jocata.ssp.testcases.Tc_05FilteringAPIs" tests="1" failures="0" timestamp="11 Nov 2017 06:28:51 GMT" time="14.639" errors="0">
  <testcase name="filteringAPI" time="14.639" classname="com.jocata.ssp.testcases.Tc_05FilteringAPIs"/>
</testsuite> <!-- com.jocata.ssp.testcases.Tc_05FilteringAPIs -->
