<?xml version="1.0" encoding="UTF-8"?>
<!-- Generated by org.testng.reporters.JUnitReportReporter -->
<testsuite hostname="Raghu-PC" name="com.jocata.ssp.testcases.Tc_06FAQ" tests="1" failures="0" timestamp="8 Nov 2017 11:27:42 GMT" time="25.659" errors="0">
  <testcase name="clickinglinks" time="25.659" classname="com.jocata.ssp.testcases.Tc_06FAQ"/>
</testsuite> <!-- com.jocata.ssp.testcases.Tc_06FAQ -->
