<?xml version="1.0" encoding="UTF-8"?>
<!-- Generated by org.testng.reporters.JUnitReportReporter -->
<testsuite hostname="Raghu-PC" name="com.ss.start.Tc_03ClickAPIs" tests="1" failures="0" timestamp="1 Nov 2017 12:13:14 GMT" time="204.496" errors="0">
  <testcase name="clickingApis" time="204.496" classname="com.ss.start.Tc_03ClickAPIs"/>
</testsuite> <!-- com.ss.start.Tc_03ClickAPIs -->
