<?xml version="1.0" encoding="UTF-8"?>
<!-- Generated by org.testng.reporters.JUnitReportReporter -->
<testsuite hostname="Raghu-PC" name="com.jocata.prc.dd" tests="1" failures="0" timestamp="1 Nov 2017 17:36:54 GMT" time="0.019" errors="0">
  <testcase name="click" time="0.019" classname="com.jocata.prc.dd"/>
</testsuite> <!-- com.jocata.prc.dd -->
