<?xml version="1.0" encoding="UTF-8"?>
<!-- Generated by org.testng.reporters.JUnitReportReporter -->
<testsuite hostname="Raghu-PC" name="com.jocata.ssp.testcases.Tc_03ClickAPIs" tests="1" failures="0" timestamp="8 Nov 2017 11:27:42 GMT" time="328.575" errors="0">
  <testcase name="clickingApis" time="328.575" classname="com.jocata.ssp.testcases.Tc_03ClickAPIs"/>
</testsuite> <!-- com.jocata.ssp.testcases.Tc_03ClickAPIs -->
